<?xml version="1.0" encoding="UTF-8"?>
<robot generator="Robot 5.0.1 (Python 3.10.12 on win32)" generated="20251116 12:40:08.692" rpa="false" schemaversion="3">
<suite id="s1" name="Robot-Meu-Timao" source="c:\Projects\robot-meu-timao\robot-meu-timao">
<suite id="s1-s1" name="Tests" source="c:\Projects\robot-meu-timao\robot-meu-timao\tests">
<suite id="s1-s1-s1" name="Exemplo" source="c:\Projects\robot-meu-timao\robot-meu-timao\tests\exemplo.robot">
<test id="s1-s1-s1-t1" name="Abrir Google E Verificar Titulo" line="5">
<kw name="New Browser">
<arg>chromium</arg>
<msg timestamp="20251116 12:40:08.768" level="FAIL">No keyword with name 'New Browser' found.</msg>
<status status="FAIL" starttime="20251116 12:40:08.768" endtime="20251116 12:40:08.769"/>
</kw>
<kw name="New Page">
<arg>https://www.google.com</arg>
<status status="NOT RUN" starttime="20251116 12:40:08.771" endtime="20251116 12:40:08.772"/>
</kw>
<kw name="Get Title">
<arg>==</arg>
<arg>Google</arg>
<status status="NOT RUN" starttime="20251116 12:40:08.773" endtime="20251116 12:40:08.773"/>
</kw>
<status status="FAIL" starttime="20251116 12:40:08.765" endtime="20251116 12:40:08.774">No keyword with name 'New Browser' found.</status>
</test>
<status status="FAIL" starttime="20251116 12:40:08.752" endtime="20251116 12:40:08.776"/>
</suite>
<status status="FAIL" starttime="20251116 12:40:08.749" endtime="20251116 12:40:08.777"/>
</suite>
<status status="FAIL" starttime="20251116 12:40:08.712" endtime="20251116 12:40:08.779"/>
</suite>
<statistics>
<total>
<stat pass="0" fail="1" skip="0">All Tests</stat>
</total>
<tag>
</tag>
<suite>
<stat pass="0" fail="1" skip="0" id="s1" name="Robot-Meu-Timao">Robot-Meu-Timao</stat>
<stat pass="0" fail="1" skip="0" id="s1-s1" name="Tests">Robot-Meu-Timao.Tests</stat>
<stat pass="0" fail="1" skip="0" id="s1-s1-s1" name="Exemplo">Robot-Meu-Timao.Tests.Exemplo</stat>
</suite>
</statistics>
<errors>
<msg timestamp="20251116 12:40:08.757" level="ERROR">Error in file 'c:\Projects\robot-meu-timao\robot-meu-timao\tests\exemplo.robot' on line 2: Importing library 'Browser' failed: ModuleNotFoundError: No module named 'Browser'
Traceback (most recent call last):
  None
PYTHONPATH:
  c:\Users\Administrador\.vscode\extensions\robocorp.robotframework-lsp-1.13.0\src\robotframework_debug_adapter
  C:\Projects\robot-meu-timao
  c:\Users\Administrador\.vscode\extensions\robocorp.robotframework-lsp-1.13.0\src
  c:\Users\Administrador\.vscode\extensions\robocorp.robotframework-lsp-1.13.0\src\robotframework_ls\vendored
  c:\ProgramData\robocorp\ht\cfd36c9_b1f3c24_66529ced\python310.zip
  c:\ProgramData\robocorp\ht\cfd36c9_b1f3c24_66529ced\DLLs
  c:\ProgramData\robocorp\ht\cfd36c9_b1f3c24_66529ced\lib
  c:\ProgramData\robocorp\ht\cfd36c9_b1f3c24_66529ced
  c:\ProgramData\robocorp\ht
  c:\ProgramData\robocorp\ht\cfd36c9_b1f3c24_66529ced\lib\site-packages
  c:\ProgramData\robocorp\ht\cfd36c9_b1f3c24_66529ced\lib\site-packages\win32
  c:\ProgramData\robocorp\ht\cfd36c9_b1f3c24_66529ced\lib\site-packages\win32\lib
  c:\ProgramData\robocorp\ht\cfd36c9_b1f3c24_66529ced\lib\site-packages\Pythonwin</msg>
</errors>
</robot>
